<?xml version="1.0" encoding="UTF-8"?>
<!-- Generated by org.testng.reporters.JUnitXMLReporter -->
<testsuite ignored="1" hostname="Acer_Nitro" failures="0" tests="1" name="Default test" time="26.142" errors="0" timestamp="2022-08-11T14:45:56 IST">
  <testcase classname="com.Zapproved.tests.AddCompanyTest" name="searchAnOrganisation" time="22.674"/>
  <testcase classname="com.Zapproved.tests.AddCompanyTest" name="addAnOrganisation" time="0.0">
    <ignored/>
  </testcase> <!-- addAnOrganisation -->
</testsuite> <!-- Default test -->
