<?xml version="1.0" encoding="UTF-8"?>
<!-- Generated by org.testng.reporters.JUnitXMLReporter -->
<testsuite ignored="1" hostname="Acer_Nitro" failures="0" tests="1" name="Default test" time="263.961" errors="0" timestamp="2022-08-17T23:41:36 IST">
  <testcase classname="com.Zapproved.tests.AddOrganizationTest" name="searchOrganization" time="260.009"/>
  <testcase classname="com.Zapproved.tests.AddOrganizationTest" name="addAnOrganisation" time="0.0">
    <ignored/>
  </testcase> <!-- addAnOrganisation -->
</testsuite> <!-- Default test -->
