<?xml version="1.0" encoding="UTF-8"?>
<!-- Generated by org.testng.reporters.JUnitXMLReporter -->
<testsuite hostname="DESKTOP-CAUKBV7" name="Test2" tests="3" failures="0" timestamp="30 Dec 2021 18:28:07 GMT" time="79.348" errors="0">
  <testcase name="GenerateBillingNumberForExistingCustomer" time="22.732" classname="com.Repairshop.tests.InvoicesTest"/>
  <testcase name="ValidateGeneratedBillingNumberForExistingCustomer" time="16.574" classname="com.Repairshop.tests.InvoicesTest"/>
  <testcase name="EditGeneratedInvoice" time="23.933" classname="com.Repairshop.tests.InvoicesTest"/>
</testsuite> <!-- Test2 -->
