<?xml version="1.0" encoding="UTF-8"?>
<testng-results ignored="0" total="1" passed="1" failed="0" skipped="0">
  <reporter-output>
  </reporter-output>
  <suite started-at="2022-08-12T12:26:54 IST" name="Default suite" finished-at="2022-08-12T12:27:15 IST" duration-ms="21025">
    <groups>
    </groups>
    <test started-at="2022-08-12T12:26:54 IST" name="Default test" finished-at="2022-08-12T12:27:15 IST" duration-ms="21025">
      <class name="com.Zapproved.tests.CreateUserTest">
        <test-method is-config="true" signature="SetUp()[pri:0, instance:com.Zapproved.tests.CreateUserTest@67c33749]" started-at="2022-08-12T12:26:54 IST" name="SetUp" finished-at="2022-08-12T12:26:56 IST" duration-ms="2063" status="PASS">
          <reporter-output>
          </reporter-output>
        </test-method> <!-- SetUp -->
        <test-method is-config="true" signature="initialie()[pri:0, instance:com.Zapproved.tests.CreateUserTest@67c33749]" started-at="2022-08-12T12:26:56 IST" name="initialie" finished-at="2022-08-12T12:26:56 IST" duration-ms="1" status="PASS">
          <reporter-output>
          </reporter-output>
        </test-method> <!-- initialie -->
        <test-method signature="createAnUser()[pri:0, instance:com.Zapproved.tests.CreateUserTest@67c33749]" started-at="2022-08-12T12:26:56 IST" name="createAnUser" finished-at="2022-08-12T12:27:14 IST" duration-ms="18663" status="PASS">
          <reporter-output>
          </reporter-output>
        </test-method> <!-- createAnUser -->
        <test-method is-config="true" signature="TearDown(org.testng.ITestResult)[pri:0, instance:com.Zapproved.tests.CreateUserTest@67c33749]" started-at="2022-08-12T12:27:14 IST" name="TearDown" finished-at="2022-08-12T12:27:15 IST" duration-ms="263" status="PASS">
          <params>
            <param index="0">
              <value>
                <![CDATA[[TestResult name=createAnUser status=SUCCESS method=CreateUserTest.createAnUser()[pri:0, instance:com.Zapproved.tests.CreateUserTest@67c33749] output={null}]]]>
              </value>
            </param>
          </params>
          <reporter-output>
          </reporter-output>
        </test-method> <!-- TearDown -->
      </class> <!-- com.Zapproved.tests.CreateUserTest -->
    </test> <!-- Default test -->
  </suite> <!-- Default suite -->
</testng-results>
